TN:
SF:src/routes.js
FN:1,Routes
FN:1,setSocketInstance
FN:3,defaultRoute
FN:11,options
FN:15,post
FN:20,get
FN:25,handler
FNF:7
FNH:2
FNDA:1,Routes
FNDA:1,setSocketInstance
FNDA:0,defaultRoute
FNDA:0,options
FNDA:0,post
FNDA:0,get
FNDA:0,handler
DA:1,1
DA:2,1
DA:3,1
DA:4,0
DA:5,0
DA:6,0
DA:7,0
DA:8,0
DA:9,0
DA:10,1
DA:11,1
DA:12,0
DA:13,0
DA:14,0
DA:15,1
DA:16,0
DA:17,0
DA:18,0
DA:19,0
DA:20,1
DA:21,0
DA:22,0
DA:23,0
DA:24,1
DA:25,1
DA:26,0
DA:27,0
DA:28,0
DA:29,0
DA:30,0
DA:31,0
DA:32,1
DA:33,1
DA:34,1
DA:35,1
LF:35
LH:13
BRDA:1,0,0,1
BRF:1
BRH:1
end_of_record
